[2019-02-15T20:01:28.142] [DEBUG] cheese - login => username:admin,password:123456
[2019-02-15T20:01:28.144] [DEBUG] cheese - admin
[2019-02-15T20:01:28.177] [DEBUG] cheese - null
[2019-02-15T20:01:28.179] [DEBUG] cheese - null
[2019-02-15T20:01:32.333] [DEBUG] cheese - login => username:admin,password:123456
[2019-02-15T20:01:32.334] [DEBUG] cheese - admin
[2019-02-15T20:01:32.339] [DEBUG] cheese - null
[2019-02-15T20:01:32.340] [DEBUG] cheese - null
[2019-02-19T09:37:52.649] [DEBUG] cheese - login => username:admin,password:123456
[2019-02-19T09:37:52.652] [DEBUG] cheese - admin
[2019-02-19T09:37:52.694] [DEBUG] cheese - null
[2019-02-19T09:37:52.694] [DEBUG] cheese - null
[2019-02-19T09:37:59.295] [DEBUG] cheese - login => username:admin,password:123456
[2019-02-19T09:37:59.296] [DEBUG] cheese - admin
[2019-02-19T09:37:59.305] [DEBUG] cheese - null
[2019-02-19T09:37:59.305] [DEBUG] cheese - null
[2019-02-19T09:43:39.349] [DEBUG] cheese - login => username:admin,password:123456
[2019-02-19T09:43:39.349] [DEBUG] cheese - admin
[2019-02-19T09:43:39.356] [DEBUG] cheese - null
[2019-02-19T09:43:39.356] [DEBUG] cheese - null
[2019-02-19T09:45:25.578] [DEBUG] cheese - login => username:admin,password:123456
[2019-02-19T09:45:25.578] [DEBUG] cheese - admin
[2019-02-19T09:45:25.582] [DEBUG] cheese - null
[2019-02-19T09:45:25.582] [DEBUG] cheese - null
[2019-02-19T09:47:37.996] [DEBUG] cheese - login => username:admin,password:123456
[2019-02-19T09:47:37.996] [DEBUG] cheese - admin
[2019-02-19T09:47:38.000] [DEBUG] cheese - null
[2019-02-19T09:47:38.000] [DEBUG] cheese - null
[2019-02-19T15:24:43.995] [DEBUG] cheese - login => username:admin,password:123456
[2019-02-19T15:24:43.995] [DEBUG] cheese - admin
[2019-02-19T15:24:44.009] [DEBUG] cheese - null
[2019-02-19T15:24:44.009] [DEBUG] cheese - null
[2019-02-19T15:26:37.076] [DEBUG] cheese - login => username:admin,password:123456
[2019-02-19T15:26:37.076] [DEBUG] cheese - admin
[2019-02-19T15:26:37.081] [DEBUG] cheese - null
[2019-02-19T15:26:37.082] [DEBUG] cheese - null
[2019-02-19T15:26:55.074] [DEBUG] cheese - login => username:admin,password:123456
[2019-02-19T15:26:55.074] [DEBUG] cheese - admin
[2019-02-19T15:26:55.084] [DEBUG] cheese - null
[2019-02-19T15:26:55.084] [DEBUG] cheese - null
[2019-02-19T15:56:46.723] [DEBUG] cheese - login => username:admin,password:123456
[2019-02-19T15:56:46.723] [DEBUG] cheese - admin
[2019-02-19T15:56:46.734] [DEBUG] cheese - null
[2019-02-19T15:56:46.734] [DEBUG] cheese - null
[2019-02-19T15:58:35.286] [DEBUG] cheese - login => username:admin,password:123456
[2019-02-19T15:58:35.286] [DEBUG] cheese - admin
[2019-02-19T15:58:35.289] [DEBUG] cheese - null
[2019-02-19T15:58:35.289] [DEBUG] cheese - null
[2019-02-19T17:55:32.637] [DEBUG] cheese - login => username:admin,password:123456
[2019-02-19T17:55:32.637] [DEBUG] cheese - admin
[2019-02-19T17:55:32.647] [DEBUG] cheese - null
[2019-02-19T17:55:32.647] [DEBUG] cheese - null
[2019-02-21T10:18:14.063] [DEBUG] cheese - login => username:admin,password:123456
[2019-02-21T10:18:14.070] [DEBUG] cheese - admin
[2019-02-21T10:18:14.148] [DEBUG] cheese - null
[2019-02-21T10:18:14.149] [DEBUG] cheese - null
[2019-02-21T11:25:47.489] [DEBUG] cheese - login => username:admin,password:123456
[2019-02-21T11:25:47.489] [DEBUG] cheese - admin
[2019-02-21T11:25:47.506] [DEBUG] cheese - null
[2019-02-21T11:25:47.506] [DEBUG] cheese - null
[2019-02-22T11:01:00.725] [DEBUG] cheese - login => username:admin,password:123456
[2019-02-22T11:01:00.727] [DEBUG] cheese - admin
[2019-02-22T11:01:00.770] [DEBUG] cheese - null
[2019-02-22T11:01:00.772] [DEBUG] cheese - null
[2019-02-22T14:28:55.378] [DEBUG] cheese - login => username:admin,password:123456
[2019-02-22T14:28:55.381] [DEBUG] cheese - admin
[2019-02-22T14:28:55.421] [DEBUG] cheese - null
[2019-02-22T14:28:55.422] [DEBUG] cheese - null
[2019-02-22T17:15:50.869] [DEBUG] cheese - login => username:admin,password:123456
[2019-02-22T17:15:50.870] [DEBUG] cheese - admin
[2019-02-22T17:15:50.877] [DEBUG] cheese - null
[2019-02-22T17:15:50.877] [DEBUG] cheese - null
[2019-02-24T11:35:12.324] [DEBUG] cheese - login => username:admin,password:123456
[2019-02-24T11:35:12.326] [DEBUG] cheese - admin
[2019-02-24T11:35:12.370] [DEBUG] cheese - null
[2019-02-24T11:35:12.371] [DEBUG] cheese - null
[2019-02-27T09:23:47.188] [DEBUG] cheese - login => username:admin,password:123456
[2019-02-27T09:23:47.190] [DEBUG] cheese - admin
[2019-02-27T09:23:47.223] [DEBUG] cheese - null
[2019-02-27T09:23:47.224] [DEBUG] cheese - null
[2019-02-28T09:50:57.906] [DEBUG] cheese - login => username:admin,password:123456
[2019-02-28T09:50:57.909] [DEBUG] cheese - admin
[2019-02-28T09:50:57.944] [DEBUG] cheese - null
[2019-02-28T09:50:57.945] [DEBUG] cheese - null
[2019-02-28T15:16:44.289] [DEBUG] cheese - null
[2019-02-28T15:17:00.618] [DEBUG] cheese - null
[2019-02-28T15:19:53.922] [DEBUG] cheese - null
[2019-02-28T15:22:24.314] [DEBUG] cheese - null
[2019-02-28T15:22:32.485] [DEBUG] cheese - null
[2019-02-28T15:22:40.802] [DEBUG] cheese - null
[2019-03-04T10:09:14.253] [DEBUG] cheese - login => username:admin,password:123456
[2019-03-04T10:09:14.255] [DEBUG] cheese - admin
[2019-03-04T10:09:14.295] [DEBUG] cheese - null
[2019-03-04T10:09:14.297] [DEBUG] cheese - null
[2019-03-05T11:12:05.616] [DEBUG] cheese - login => username:admin,password:123456
[2019-03-05T11:12:05.619] [DEBUG] cheese - admin
[2019-03-05T11:12:05.704] [DEBUG] cheese - null
[2019-03-05T11:12:05.705] [DEBUG] cheese - null
[2019-03-07T11:17:59.651] [DEBUG] cheese - login => username:admin,password:123456
[2019-03-07T11:17:59.653] [DEBUG] cheese - admin
[2019-03-07T11:17:59.696] [DEBUG] cheese - null
[2019-03-07T11:17:59.698] [DEBUG] cheese - null
[2019-03-11T11:01:25.302] [DEBUG] cheese - login => username:admin,password:123456
[2019-03-11T11:01:25.304] [DEBUG] cheese - admin
[2019-03-11T11:01:25.342] [DEBUG] cheese - null
[2019-03-11T11:01:25.343] [DEBUG] cheese - null
[2019-03-12T16:21:19.284] [DEBUG] cheese - login => username:admin,password:123456
[2019-03-12T16:21:19.287] [DEBUG] cheese - admin
[2019-03-12T16:21:19.327] [DEBUG] cheese - null
[2019-03-12T16:21:19.328] [DEBUG] cheese - null
[2019-03-13T13:01:03.746] [DEBUG] cheese - login => username:admin,password:123456
[2019-03-13T13:01:03.749] [DEBUG] cheese - admin
[2019-03-13T13:01:03.787] [DEBUG] cheese - null
[2019-03-13T13:01:03.788] [DEBUG] cheese - null
[2019-03-13T18:10:37.792] [DEBUG] cheese - login => username:admin,password:123456
[2019-03-13T18:10:37.792] [DEBUG] cheese - admin
[2019-03-13T18:10:37.798] [DEBUG] cheese - null
[2019-03-13T18:10:37.799] [DEBUG] cheese - null
[2019-03-14T09:52:27.182] [DEBUG] cheese - login => username:admin,password:123456
[2019-03-14T09:52:27.185] [DEBUG] cheese - admin
[2019-03-14T09:52:27.250] [DEBUG] cheese - null
[2019-03-14T09:52:27.252] [DEBUG] cheese - null
[2019-03-14T14:06:30.186] [DEBUG] cheese - login => username:admin,password:123456
[2019-03-14T14:06:30.187] [DEBUG] cheese - admin
[2019-03-14T14:06:30.192] [DEBUG] cheese - null
[2019-03-14T14:06:30.192] [DEBUG] cheese - null
[2019-03-18T10:37:32.940] [DEBUG] cheese - login => username:admin,password:123456
[2019-03-18T10:37:32.942] [DEBUG] cheese - admin
[2019-03-18T10:37:33.009] [DEBUG] cheese - null
[2019-03-18T10:37:33.012] [DEBUG] cheese - null
[2019-03-18T10:44:33.960] [DEBUG] cheese - login => username:admin,password:123456
[2019-03-18T10:44:33.960] [DEBUG] cheese - admin
[2019-03-18T10:44:33.965] [DEBUG] cheese - null
[2019-03-18T10:44:33.965] [DEBUG] cheese - null
[2019-03-18T11:10:26.359] [DEBUG] cheese - login => username:admin,password:123456
[2019-03-18T11:10:26.359] [DEBUG] cheese - admin
[2019-03-18T11:10:26.368] [DEBUG] cheese - null
[2019-03-18T11:10:26.368] [DEBUG] cheese - null
[2019-03-18T16:40:06.963] [DEBUG] cheese - login => username:admin,password:123456
[2019-03-18T16:40:06.963] [DEBUG] cheese - admin
[2019-03-18T16:40:06.990] [DEBUG] cheese - null
[2019-03-18T16:40:06.990] [DEBUG] cheese - null
[2019-03-18T16:44:12.003] [DEBUG] cheese - login => username:admin,password:123456
[2019-03-18T16:44:12.003] [DEBUG] cheese - admin
[2019-03-18T16:44:12.009] [DEBUG] cheese - null
[2019-03-18T16:44:12.009] [DEBUG] cheese - null
[2019-03-18T16:45:36.212] [DEBUG] cheese - login => username:admin,password:123456
[2019-03-18T16:45:36.213] [DEBUG] cheese - admin
[2019-03-18T16:45:36.218] [DEBUG] cheese - null
[2019-03-18T16:45:36.218] [DEBUG] cheese - null
[2019-03-18T16:53:31.337] [DEBUG] cheese - login => username:admin,password:123456
[2019-03-18T16:53:31.337] [DEBUG] cheese - admin
[2019-03-18T16:53:31.345] [DEBUG] cheese - null
[2019-03-18T16:53:31.345] [DEBUG] cheese - null
[2019-03-19T14:44:00.131] [DEBUG] cheese - login => username:admin,password:123456
[2019-03-19T14:44:00.136] [DEBUG] cheese - admin
[2019-03-19T14:44:00.195] [DEBUG] cheese - null
[2019-03-19T14:44:00.196] [DEBUG] cheese - null
[2019-03-19T15:54:15.897] [DEBUG] cheese - null
[2019-03-19T15:58:59.444] [DEBUG] cheese - null
[2019-03-19T21:36:04.485] [DEBUG] cheese - login => username:admin,password:123456
[2019-03-19T21:36:04.487] [DEBUG] cheese - admin
[2019-03-19T21:36:04.500] [DEBUG] cheese - null
[2019-03-19T21:36:04.502] [DEBUG] cheese - null
[2019-03-19T21:44:57.064] [DEBUG] cheese - login => username:admin,password:123456
[2019-03-19T21:44:57.065] [DEBUG] cheese - admin
[2019-03-19T21:44:57.068] [DEBUG] cheese - null
[2019-03-19T21:44:57.068] [DEBUG] cheese - null
[2019-03-20T11:00:25.466] [DEBUG] cheese - login => username:admin,password:123456
[2019-03-20T11:00:25.468] [DEBUG] cheese - admin
[2019-03-20T11:00:25.510] [DEBUG] cheese - null
[2019-03-20T11:00:25.511] [DEBUG] cheese - null
[2021-05-25T17:06:15.394] [DEBUG] cheese - login => username:zs,password:123456
[2021-05-25T17:06:15.425] [DEBUG] cheese - zs
[2021-05-25T17:06:15.518] [DEBUG] cheese - null
[2021-05-25T17:06:15.558] [DEBUG] cheese - null
[2021-05-25T17:06:44.372] [DEBUG] cheese - login => username:admin,password:123456
[2021-05-25T17:06:44.372] [DEBUG] cheese - admin
[2021-05-25T17:06:44.381] [DEBUG] cheese - null
[2021-05-25T17:06:44.381] [DEBUG] cheese - null
[2021-05-26T19:18:38.796] [DEBUG] cheese - login => username:rico,password:12311111
[2021-05-26T19:18:38.814] [DEBUG] cheese - rico
[2021-05-26T19:18:39.027] [DEBUG] cheese - null
[2021-05-26T19:18:39.029] [DEBUG] cheese - null
[2021-05-26T19:19:36.715] [DEBUG] cheese - login => username:rico,password:12311111
[2021-05-26T19:19:36.717] [DEBUG] cheese - rico
[2021-05-26T19:19:36.720] [DEBUG] cheese - null
[2021-05-26T19:19:36.720] [DEBUG] cheese - null
[2021-05-26T19:21:08.229] [DEBUG] cheese - login => username:rico,password:1232222
[2021-05-26T19:21:08.229] [DEBUG] cheese - rico
[2021-05-26T19:21:08.231] [DEBUG] cheese - null
[2021-05-26T19:21:08.231] [DEBUG] cheese - null
[2021-05-26T19:32:41.256] [DEBUG] cheese - login => username:rico,password:12311111
[2021-05-26T19:32:41.256] [DEBUG] cheese - rico
[2021-05-26T19:32:41.259] [DEBUG] cheese - null
[2021-05-26T19:32:41.259] [DEBUG] cheese - null
[2021-05-26T19:32:56.411] [DEBUG] cheese - login => username:admin,password:123456
[2021-05-26T19:32:56.411] [DEBUG] cheese - admin
[2021-05-26T19:32:56.418] [DEBUG] cheese - null
[2021-05-26T19:32:56.418] [DEBUG] cheese - null
[2021-05-26T19:34:03.753] [DEBUG] cheese - login => username:admin,password:123456
[2021-05-26T19:34:03.753] [DEBUG] cheese - admin
[2021-05-26T19:34:03.756] [DEBUG] cheese - null
[2021-05-26T19:34:03.756] [DEBUG] cheese - null
[2021-05-26T20:10:47.784] [DEBUG] cheese - login => username:admin,password:123456
[2021-05-26T20:10:47.784] [DEBUG] cheese - admin
[2021-05-26T20:10:47.788] [DEBUG] cheese - null
[2021-05-26T20:10:47.788] [DEBUG] cheese - null
[2021-05-26T20:12:10.098] [DEBUG] cheese - login => username:admin,password:123456
[2021-05-26T20:12:10.098] [DEBUG] cheese - admin
[2021-05-26T20:12:10.100] [DEBUG] cheese - null
[2021-05-26T20:12:10.100] [DEBUG] cheese - null
[2021-05-26T20:13:41.821] [DEBUG] cheese - login => username:admin,password:123456
[2021-05-26T20:13:41.822] [DEBUG] cheese - admin
[2021-05-26T20:13:41.825] [DEBUG] cheese - null
[2021-05-26T20:13:41.826] [DEBUG] cheese - null
[2021-05-26T20:29:37.828] [DEBUG] cheese - login => username:admin,password:123456
[2021-05-26T20:29:37.828] [DEBUG] cheese - admin
[2021-05-26T20:29:37.831] [DEBUG] cheese - null
[2021-05-26T20:29:37.831] [DEBUG] cheese - null
[2021-05-26T20:35:41.075] [DEBUG] cheese - login => username:admin,password:123456
[2021-05-26T20:35:41.075] [DEBUG] cheese - admin
[2021-05-26T20:35:41.078] [DEBUG] cheese - null
[2021-05-26T20:35:41.079] [DEBUG] cheese - null
[2021-05-26T20:44:28.543] [DEBUG] cheese - login => username:admin,password:123456
[2021-05-26T20:44:28.544] [DEBUG] cheese - admin
[2021-05-26T20:44:28.546] [DEBUG] cheese - null
[2021-05-26T20:44:28.546] [DEBUG] cheese - null
[2021-05-27T11:08:49.280] [DEBUG] cheese - login => username:admin,password:123456
[2021-05-27T11:08:49.282] [DEBUG] cheese - admin
[2021-05-27T11:08:49.349] [DEBUG] cheese - null
[2021-05-27T11:08:49.350] [DEBUG] cheese - null
[2021-05-27T15:12:19.645] [DEBUG] cheese - login => username:admin,password:123456
[2021-05-27T15:12:19.646] [DEBUG] cheese - admin
[2021-05-27T15:12:19.688] [DEBUG] cheese - null
[2021-05-27T15:12:19.689] [DEBUG] cheese - null
[2021-05-27T20:38:25.729] [DEBUG] cheese - login => username:admin,password:123456
[2021-05-27T20:38:25.730] [DEBUG] cheese - admin
[2021-05-27T20:38:25.736] [DEBUG] cheese - null
[2021-05-27T20:38:25.736] [DEBUG] cheese - null
[2021-05-28T09:24:35.685] [DEBUG] cheese - login => username:admin,password:123456
[2021-05-28T09:24:35.686] [DEBUG] cheese - admin
[2021-05-28T09:24:35.802] [DEBUG] cheese - null
[2021-05-28T09:24:35.804] [DEBUG] cheese - null
[2021-05-31T09:23:20.025] [DEBUG] cheese - login => username:admin,password:123456
[2021-05-31T09:23:20.028] [DEBUG] cheese - admin
[2021-05-31T09:23:20.188] [DEBUG] cheese - null
[2021-05-31T09:23:20.189] [DEBUG] cheese - null
[2021-05-31T15:57:33.489] [DEBUG] cheese - null
[2021-05-31T15:57:37.163] [DEBUG] cheese - null
[2021-05-31T15:58:04.393] [DEBUG] cheese - null
[2021-05-31T15:58:24.563] [DEBUG] cheese - null
[2021-05-31T16:07:08.676] [DEBUG] cheese - null
[2021-05-31T16:10:56.337] [DEBUG] cheese - null
[2021-05-31T20:52:37.050] [DEBUG] cheese - null
[2021-05-31T23:28:51.421] [DEBUG] cheese - login => username:admin,password:123456
[2021-05-31T23:28:51.422] [DEBUG] cheese - admin
[2021-05-31T23:28:51.425] [DEBUG] cheese - null
[2021-05-31T23:28:51.425] [DEBUG] cheese - null
[2021-06-01T09:45:49.025] [DEBUG] cheese - login => username:admin,password:123456
[2021-06-01T09:45:49.029] [DEBUG] cheese - admin
[2021-06-01T09:45:49.082] [DEBUG] cheese - null
[2021-06-01T09:45:49.083] [DEBUG] cheese - null
[2021-06-02T09:30:18.866] [DEBUG] cheese - login => username:admin,password:123456
[2021-06-02T09:30:18.867] [DEBUG] cheese - admin
[2021-06-02T09:30:18.958] [DEBUG] cheese - null
[2021-06-02T09:30:18.959] [DEBUG] cheese - null
[2021-06-04T09:32:38.596] [DEBUG] cheese - login => username:admin,password:123456
[2021-06-04T09:32:38.598] [DEBUG] cheese - admin
[2021-06-04T09:32:38.647] [DEBUG] cheese - null
[2021-06-04T09:32:38.647] [DEBUG] cheese - null
[2021-06-07T09:28:22.751] [DEBUG] cheese - login => username:admin,password:123456
[2021-06-07T09:28:22.752] [DEBUG] cheese - admin
[2021-06-07T09:28:22.790] [DEBUG] cheese - null
[2021-06-07T09:28:22.790] [DEBUG] cheese - null
[2021-06-07T16:55:56.981] [DEBUG] cheese - null
[2021-06-07T17:08:59.873] [DEBUG] cheese - null
[2021-06-08T09:17:08.268] [DEBUG] cheese - login => username:admin,password:123456
[2021-06-08T09:17:08.269] [DEBUG] cheese - admin
[2021-06-08T09:17:08.307] [DEBUG] cheese - null
[2021-06-08T09:17:08.308] [DEBUG] cheese - null
[2021-06-08T10:44:05.603] [DEBUG] cheese - login => username:admin,password:123456
[2021-06-08T10:44:05.606] [DEBUG] cheese - admin
[2021-06-08T10:44:05.609] [DEBUG] cheese - null
[2021-06-08T10:44:05.610] [DEBUG] cheese - null
